Build started 3/15/2015 10:41:43 PM.
     1>Project "C:\Users\Nextgen\Desktop\directx 11 projects\Atom Engine\Atom Engine\Atom Engine.vcxproj" on node 2 (Build target(s)).
     1>C:\Program Files (x86)\MSBuild\Microsoft.Cpp\v4.0\V120\Microsoft.CppBuild.targets(364,5): warning MSB8004: Output Directory does not end with a trailing slash.  This build instance will add the slash as it is required to allow proper evaluation of the Output Directory.
     1>ClCompile:
         C:\Program Files (x86)\Microsoft Visual Studio 12.0\VC\bin\CL.exe /c /Iincludes /ZI /nologo /W3 /WX- /sdl /Od /Oy- /D _MBCS /Gm /EHsc /RTC1 /MDd /GS /fp:precise /Zc:wchar_t /Zc:forScope /Yu"pch.h" /Fp"Debug\Atom Engine-DEBUG.pch" /Fo"Debug\\" /Fd"Debug\vc120.pdb" /Gd /TP /analyze- /errorReport:prompt App.cpp atomEngine.cpp D3DInit.cpp main.cpp WinWindow.cpp
         WinWindow.cpp
     1>c:\users\nextgen\desktop\directx 11 projects\atom engine\atom engine\winwindow.cpp(96): fatal error C1010: unexpected end of file while looking for precompiled header. Did you forget to add '#include "pch.h"' to your source?
         main.cpp
     1>c:\users\nextgen\desktop\directx 11 projects\atom engine\atom engine\main.cpp(2): fatal error C1083: Cannot open precompiled header file: 'Debug\Atom Engine-DEBUG.pch': No such file or directory
         D3DInit.cpp
     1>c:\users\nextgen\desktop\directx 11 projects\atom engine\atom engine\d3dinit.cpp(235): fatal error C1010: unexpected end of file while looking for precompiled header. Did you forget to add '#include "pch.h"' to your source?
         atomEngine.cpp
     1>c1xx : fatal error C1083: Cannot open source file: 'atomEngine.cpp': No such file or directory
         App.cpp
     1>c:\users\nextgen\desktop\directx 11 projects\atom engine\atom engine\app.cpp(65): fatal error C1010: unexpected end of file while looking for precompiled header. Did you forget to add '#include "pch.h"' to your source?
         Generating Code...
     1>Done Building Project "C:\Users\Nextgen\Desktop\directx 11 projects\Atom Engine\Atom Engine\Atom Engine.vcxproj" (Build target(s)) -- FAILED.

Build FAILED.

Time Elapsed 00:00:01.99
